INFO:database.connection:DB CONNECTION ESTABLISHED
INFO:database.connection:DB CONNECTION ESTABLISHED
INFO:database.dao:LOGIN ATTEMPTED FOR: admin
INFO:__main__:ADMIN admin LOGGED IN SUCCESSFULLY
INFO:database.connection:DB CONNECTION ESTABLISHED
INFO:database.dao:LOGIN ATTEMPTED FOR: admin
INFO:__main__:ADMIN admin LOGGED IN SUCCESSFULLY
INFO:database.connection:DB CONNECTION ESTABLISHED
INFO:database.dao:PRODUCTS TABLE VIEWED
INFO:database.connection:DB CONNECTION ESTABLISHED
INFO:database.dao:LOGIN ATTEMPTED FOR: admin
INFO:__main__:ADMIN admin LOGGED IN SUCCESSFULLY
INFO:database.connection:DB CONNECTION ESTABLISHED
INFO:database.dao:PRODUCTS TABLE VIEWED
INFO:database.connection:DB CONNECTION ESTABLISHED
INFO:database.dao:LOGIN ATTEMPTED FOR: admin
INFO:__main__:ADMIN admin LOGGED IN SUCCESSFULLY
INFO:database.connection:DB CONNECTION ESTABLISHED
INFO:database.dao:LOGIN ATTEMPTED FOR: admin
INFO:__main__:ADMIN admin LOGGED IN SUCCESSFULLY
INFO:database.connection:DB CONNECTION ESTABLISHED
INFO:database.dao:PRODUCTS TABLE VIEWED
INFO:database.connection:DB CONNECTION ESTABLISHED
INFO:database.dao:PRODUCTS TABLE VIEWED
INFO:database.connection:DB CONNECTION ESTABLISHED
INFO:database.dao:admin VIEWED ORDERS
INFO:database.connection:DB CONNECTION ESTABLISHED
INFO:database.dao:ALL USERS VIEWED
INFO:database.connection:DB CONNECTION ESTABLISHED
INFO:database.dao:ALL ORDERS VIEWED
INFO:database.connection:DB CONNECTION ESTABLISHED
INFO:database.dao:NEW USER REGISTERED: eric
INFO:database.connection:DB CONNECTION ESTABLISHED
INFO:database.dao:LOGIN ATTEMPTED FOR: eric
INFO:__main__:USER eric LOGGED IN SUCCESSFULLY
INFO:database.connection:DB CONNECTION ESTABLISHED
INFO:database.dao:LOGIN ATTEMPTED FOR: admin
INFO:__main__:ADMIN admin LOGGED IN SUCCESSFULLY
INFO:database.connection:DB CONNECTION ESTABLISHED
INFO:database.dao:LOGIN ATTEMPTED FOR: admin
INFO:__main__:ADMIN admin LOGGED IN SUCCESSFULLY
INFO:database.connection:DB CONNECTION ESTABLISHED
INFO:database.dao:PRODUCTS TABLE VIEWED
INFO:database.connection:DB CONNECTION ESTABLISHED
INFO:database.dao:admin VIEWED ORDERS
INFO:database.connection:DB CONNECTION ESTABLISHED
INFO:database.dao:ALL USERS VIEWED
INFO:database.connection:DB CONNECTION ESTABLISHED
INFO:database.dao:ALL ORDERS VIEWED
